<?xml version="1.0" encoding="UTF-8" ?>
<testsuite tests="5" failures="0" name="de.pnc.addressbook.AddressBookTest" time="0.063" errors="0" skipped="0">
  <properties>
[...]
</properties>
  <testcase classname="de.pnc.addressbook.AddressBookTest" name="testWhoIsOlder" time="0.016"/>
  <testcase classname="de.pnc.addressbook.AddressBookTest" name="testOldestPersonQuery" time="0"/>
  <testcase classname="de.pnc.addressbook.AddressBookTest" name="testCSVParserInvalidFile" time="0.047"/>
  <testcase classname="de.pnc.addressbook.AddressBookTest" name="testFemaleCountQuery" time="0"/>
  <testcase classname="de.pnc.addressbook.AddressBookTest" name="testCSVParserCorrectFile" time="0"/>
</testsuite>